<?xml version="1.0" encoding="UTF-8"?>
<!-- Generated by org.testng.reporters.JUnitXMLReporter -->
<testsuite ignored="0" hostname="WINDOWS-10NJMLJ" failures="0" tests="3" name="Regression Tests" time="30.241" errors="0" timestamp="2026-01-07T20:18:25 IST">
  <testcase classname="tests.LoginTest" name="verifyValidLogin" time="0.355"/>
  <testcase classname="tests.AddToCartTest" name="verifyAddToCart" time="0.502"/>
  <testcase classname="tests.CheckoutTest" name="verifyCompleteCheckout" time="10.848"/>
</testsuite> <!-- Regression Tests -->
