<?xml version="1.0" encoding="UTF-8"?>
<testng-results ignored="0" total="3" passed="3" failed="0" skipped="0">
  <reporter-output>
  </reporter-output>
  <suite started-at="2026-01-07T20:17:55 IST" name="ECommerce Automation Suite" finished-at="2026-01-07T20:18:25 IST" duration-ms="30241">
    <groups>
    </groups>
    <test started-at="2026-01-07T20:17:55 IST" name="Regression Tests" finished-at="2026-01-07T20:18:25 IST" duration-ms="30241">
      <class name="tests.LoginTest">
        <test-method is-config="true" signature="setUp()[pri:0, instance:tests.LoginTest@429bffaa]" started-at="2026-01-07T20:17:55 IST" name="setUp" finished-at="2026-01-07T20:18:02 IST" duration-ms="7452" status="PASS">
          <reporter-output>
          </reporter-output>
        </test-method> <!-- setUp -->
        <test-method signature="verifyValidLogin()[pri:0, instance:tests.LoginTest@429bffaa]" started-at="2026-01-07T20:18:02 IST" name="verifyValidLogin" finished-at="2026-01-07T20:18:03 IST" duration-ms="355" status="PASS">
          <reporter-output>
          </reporter-output>
        </test-method> <!-- verifyValidLogin -->
        <test-method is-config="true" signature="tearDown()[pri:0, instance:tests.LoginTest@429bffaa]" started-at="2026-01-07T20:18:03 IST" name="tearDown" finished-at="2026-01-07T20:18:03 IST" duration-ms="197" status="PASS">
          <reporter-output>
          </reporter-output>
        </test-method> <!-- tearDown -->
      </class> <!-- tests.LoginTest -->
      <class name="tests.AddToCartTest">
        <test-method is-config="true" signature="setUp()[pri:0, instance:tests.AddToCartTest@7bd4937b]" started-at="2026-01-07T20:18:03 IST" name="setUp" finished-at="2026-01-07T20:18:08 IST" duration-ms="5157" status="PASS">
          <reporter-output>
          </reporter-output>
        </test-method> <!-- setUp -->
        <test-method signature="verifyAddToCart()[pri:0, instance:tests.AddToCartTest@7bd4937b]" started-at="2026-01-07T20:18:08 IST" name="verifyAddToCart" finished-at="2026-01-07T20:18:09 IST" duration-ms="502" status="PASS">
          <reporter-output>
          </reporter-output>
        </test-method> <!-- verifyAddToCart -->
        <test-method is-config="true" signature="tearDown()[pri:0, instance:tests.AddToCartTest@7bd4937b]" started-at="2026-01-07T20:18:09 IST" name="tearDown" finished-at="2026-01-07T20:18:09 IST" duration-ms="205" status="PASS">
          <reporter-output>
          </reporter-output>
        </test-method> <!-- tearDown -->
      </class> <!-- tests.AddToCartTest -->
      <class name="tests.CheckoutTest">
        <test-method is-config="true" signature="setUp()[pri:0, instance:tests.CheckoutTest@21e360a]" started-at="2026-01-07T20:18:09 IST" name="setUp" finished-at="2026-01-07T20:18:14 IST" duration-ms="5241" status="PASS">
          <reporter-output>
          </reporter-output>
        </test-method> <!-- setUp -->
        <test-method signature="verifyCompleteCheckout()[pri:0, instance:tests.CheckoutTest@21e360a]" started-at="2026-01-07T20:18:14 IST" name="verifyCompleteCheckout" finished-at="2026-01-07T20:18:25 IST" duration-ms="10848" status="PASS">
          <reporter-output>
          </reporter-output>
        </test-method> <!-- verifyCompleteCheckout -->
        <test-method is-config="true" signature="tearDown()[pri:0, instance:tests.CheckoutTest@21e360a]" started-at="2026-01-07T20:18:25 IST" name="tearDown" finished-at="2026-01-07T20:18:25 IST" duration-ms="239" status="PASS">
          <reporter-output>
          </reporter-output>
        </test-method> <!-- tearDown -->
      </class> <!-- tests.CheckoutTest -->
    </test> <!-- Regression Tests -->
  </suite> <!-- ECommerce Automation Suite -->
</testng-results>
